<?xml version="1.0" encoding="UTF-8"?>
<testsuite xmlns:xsi="http://www.w3.org/2001/XMLSchema-instance" xsi:noNamespaceSchemaLocation="https://maven.apache.org/surefire/maven-surefire-plugin/xsd/surefire-test-report.xsd" version="3.0.2" name="org.maity.mycelia.EmployeeManagementServiceApplicationTests" time="3.101" tests="1" errors="0" skipped="0" failures="0">
  <properties>
[...]
</properties>
  <testcase name="contextLoads" classname="org.maity.mycelia.EmployeeManagementServiceApplicationTests" time="0.964">
    <system-out><![CDATA[17:45:35.920 [main] INFO org.springframework.test.context.support.AnnotationConfigContextLoaderUtils -- Could not detect default configuration classes for test class [org.maity.mycelia.EmployeeManagementServiceApplicationTests]: EmployeeManagementServiceApplicationTests does not declare any static, non-private, non-final, nested classes annotated with @Configuration.
17:45:36.046 [main] INFO org.springframework.boot.test.context.SpringBootTestContextBootstrapper -- Found @SpringBootConfiguration org.maity.mycelia.EmployeeManagementServiceApplication for test class org.maity.mycelia.EmployeeManagementServiceApplicationTests
17:45:36.204 [main] INFO org.springframework.boot.devtools.restart.RestartApplicationListener -- Restart disabled due to context in which it is running

  .   ____          _            __ _ _
 /\\ / ___'_ __ _ _(_)_ __  __ _ \ \ \ \
( ( )\___ | '_ | '_| | '_ \/ _` | \ \ \ \
 \\/  ___)| |_)| | | | | || (_| |  ) ) ) )
  '  |____| .__|_| |_|_| |_\__, | / / / /
 =========|_|==============|___/=/_/_/_/

 :: Spring Boot ::             (v4.0.0-M2)

2025-09-05T17:45:36.493+05:30  INFO 26452 --- [employee-management-service] [           main] mployeeManagementServiceApplicationTests : Starting EmployeeManagementServiceApplicationTests using Java 24.0.2 with PID 26452 (started by Alex in C:\Users\bishal\Downloads\employee-management-service)
2025-09-05T17:45:36.494+05:30  INFO 26452 --- [employee-management-service] [           main] mployeeManagementServiceApplicationTests : No active profile set, falling back to 1 default profile: "default"
2025-09-05T17:45:37.642+05:30  WARN 26452 --- [employee-management-service] [           main] .a.s.UserDetailsServiceAutoConfiguration : 

Using generated security password: defbaa3c-cd50-4c7e-a666-c63a35d3947b

This generated password is for development use only. Your security configuration must be updated before running your application in production.

2025-09-05T17:45:37.648+05:30  INFO 26452 --- [employee-management-service] [           main] r$InitializeUserDetailsManagerConfigurer : Global AuthenticationManager configured with UserDetailsService bean with name inMemoryUserDetailsManager
2025-09-05T17:45:37.852+05:30  INFO 26452 --- [employee-management-service] [           main] o.s.s.config.TaskSchedulerRouter         : No TaskScheduler/ScheduledExecutorService bean found for scheduled processing
2025-09-05T17:45:37.858+05:30  INFO 26452 --- [employee-management-service] [           main] mployeeManagementServiceApplicationTests : Started EmployeeManagementServiceApplicationTests in 1.668 seconds (process running for 2.69)
]]></system-out>
    <system-err><![CDATA[Mockito is currently self-attaching to enable the inline-mock-maker. This will no longer work in future releases of the JDK. Please add Mockito as an agent to your build as described in Mockito's documentation: https://javadoc.io/doc/org.mockito/mockito-core/latest/org.mockito/org/mockito/Mockito.html#0.3
WARNING: A Java agent has been loaded dynamically (C:\Users\bishal\.m2\repository\net\bytebuddy\byte-buddy-agent\1.17.7\byte-buddy-agent-1.17.7.jar)
WARNING: If a serviceability tool is in use, please run with -XX:+EnableDynamicAgentLoading to hide this warning
WARNING: If a serviceability tool is not in use, please run with -Djdk.instrument.traceUsage for more information
WARNING: Dynamic loading of agents will be disallowed by default in a future release
]]></system-err>
  </testcase>
</testsuite>